
  You can now view your Streamlit app in your browser.

  Local URL: http://localhost:8502
  Network URL: http://10.159.4.157:8502

  For better performance, install the Watchdog module:

  $ xcode-select --install
  $ pip install watchdog
            
/Users/himarbravoperez/Desktop/Trabajo/Juego/GlobalMarketAnalyzer/main.py:127: FutureWarning: Styler.applymap has been deprecated. Use Styler.map instead.
  display_df.style.applymap(color_signal, subset=['Signal'])
2026-02-03 10:50:09.088 Please replace `use_container_width` with `width`.

`use_container_width` will be removed after 2025-12-31.

For `use_container_width=True`, use `width='stretch'`. For `use_container_width=False`, use `width='content'`.
2026-02-03 10:50:09.279 Please replace `use_container_width` with `width`.

`use_container_width` will be removed after 2025-12-31.

For `use_container_width=True`, use `width='stretch'`. For `use_container_width=False`, use `width='content'`.
2026-02-03 10:50:09.343 Please replace `use_container_width` with `width`.

`use_container_width` will be removed after 2025-12-31.

For `use_container_width=True`, use `width='stretch'`. For `use_container_width=False`, use `width='content'`.
2026-02-03 10:50:09.458 Please replace `use_container_width` with `width`.

`use_container_width` will be removed after 2025-12-31.

For `use_container_width=True`, use `width='stretch'`. For `use_container_width=False`, use `width='content'`.
/Users/himarbravoperez/Desktop/Trabajo/Juego/GlobalMarketAnalyzer/main.py:127: FutureWarning:

Styler.applymap has been deprecated. Use Styler.map instead.

2026-02-03 13:37:16.447 Please replace `use_container_width` with `width`.

`use_container_width` will be removed after 2025-12-31.

For `use_container_width=True`, use `width='stretch'`. For `use_container_width=False`, use `width='content'`.
2026-02-03 13:37:16.459 Uncaught app execution
Traceback (most recent call last):
  File "/Users/himarbravoperez/Desktop/Trabajo/Juego/GlobalMarketAnalyzer/.venv/lib/python3.11/site-packages/streamlit/runtime/scriptrunner/exec_code.py", line 129, in exec_func_with_error_handling
    result = func()
             ^^^^^^
  File "/Users/himarbravoperez/Desktop/Trabajo/Juego/GlobalMarketAnalyzer/.venv/lib/python3.11/site-packages/streamlit/runtime/scriptrunner/script_runner.py", line 671, in code_to_exec
    exec(code, module.__dict__)  # noqa: S102
    ^^^^^^^^^^^^^^^^^^^^^^^^^^^
  File "/Users/himarbravoperez/Desktop/Trabajo/Juego/GlobalMarketAnalyzer/main.py", line 126, in <module>
    st.dataframe(
  File "/Users/himarbravoperez/Desktop/Trabajo/Juego/GlobalMarketAnalyzer/.venv/lib/python3.11/site-packages/streamlit/runtime/metrics_util.py", line 531, in wrapped_func
    result = non_optional_func(*args, **kwargs)
             ^^^^^^^^^^^^^^^^^^^^^^^^^^^^^^^^^^
  File "/Users/himarbravoperez/Desktop/Trabajo/Juego/GlobalMarketAnalyzer/.venv/lib/python3.11/site-packages/streamlit/elements/arrow.py", line 728, in dataframe
    marshall_styler(proto, data, default_uuid)
  File "/Users/himarbravoperez/Desktop/Trabajo/Juego/GlobalMarketAnalyzer/.venv/lib/python3.11/site-packages/streamlit/elements/lib/pandas_styler_utils.py", line 65, in marshall_styler
    styler._compute()  # type: ignore
    ^^^^^^^^^^^^^^^^^
  File "/Users/himarbravoperez/Desktop/Trabajo/Juego/GlobalMarketAnalyzer/.venv/lib/python3.11/site-packages/pandas/io/formats/style_render.py", line 256, in _compute
    r = func(self)(*args, **kwargs)
        ^^^^^^^^^^^^^^^^^^^^^^^^^^^
  File "/Users/himarbravoperez/Desktop/Trabajo/Juego/GlobalMarketAnalyzer/.venv/lib/python3.11/site-packages/pandas/io/formats/style.py", line 1705, in _apply
    data = self.data.loc[subset]
           ~~~~~~~~~~~~~^^^^^^^^
  File "/Users/himarbravoperez/Desktop/Trabajo/Juego/GlobalMarketAnalyzer/.venv/lib/python3.11/site-packages/pandas/core/indexing.py", line 1185, in __getitem__
    return self._getitem_tuple(key)
           ^^^^^^^^^^^^^^^^^^^^^^^^
  File "/Users/himarbravoperez/Desktop/Trabajo/Juego/GlobalMarketAnalyzer/.venv/lib/python3.11/site-packages/pandas/core/indexing.py", line 1378, in _getitem_tuple
    return self._getitem_tuple_same_dim(tup)
           ^^^^^^^^^^^^^^^^^^^^^^^^^^^^^^^^^
  File "/Users/himarbravoperez/Desktop/Trabajo/Juego/GlobalMarketAnalyzer/.venv/lib/python3.11/site-packages/pandas/core/indexing.py", line 1021, in _getitem_tuple_same_dim
    retval = getattr(retval, self.name)._getitem_axis(key, axis=i)
             ^^^^^^^^^^^^^^^^^^^^^^^^^^^^^^^^^^^^^^^^^^^^^^^^^^^^^
  File "/Users/himarbravoperez/Desktop/Trabajo/Juego/GlobalMarketAnalyzer/.venv/lib/python3.11/site-packages/pandas/core/indexing.py", line 1421, in _getitem_axis
    return self._getitem_iterable(key, axis=axis)
           ^^^^^^^^^^^^^^^^^^^^^^^^^^^^^^^^^^^^^^
  File "/Users/himarbravoperez/Desktop/Trabajo/Juego/GlobalMarketAnalyzer/.venv/lib/python3.11/site-packages/pandas/core/indexing.py", line 1361, in _getitem_iterable
    keyarr, indexer = self._get_listlike_indexer(key, axis)
                      ^^^^^^^^^^^^^^^^^^^^^^^^^^^^^^^^^^^^^
  File "/Users/himarbravoperez/Desktop/Trabajo/Juego/GlobalMarketAnalyzer/.venv/lib/python3.11/site-packages/pandas/core/indexing.py", line 1559, in _get_listlike_indexer
    keyarr, indexer = ax._get_indexer_strict(key, axis_name)
                      ^^^^^^^^^^^^^^^^^^^^^^^^^^^^^^^^^^^^^^
  File "/Users/himarbravoperez/Desktop/Trabajo/Juego/GlobalMarketAnalyzer/.venv/lib/python3.11/site-packages/pandas/core/indexes/base.py", line 6212, in _get_indexer_strict
    self._raise_if_missing(keyarr, indexer, axis_name)
  File "/Users/himarbravoperez/Desktop/Trabajo/Juego/GlobalMarketAnalyzer/.venv/lib/python3.11/site-packages/pandas/core/indexes/base.py", line 6261, in _raise_if_missing
    raise KeyError(f"None of [{key}] are in the [{axis_name}]")
KeyError: "None of [Index(['Tech_Score'], dtype='object')] are in the [columns]"
/Users/himarbravoperez/Desktop/Trabajo/Juego/GlobalMarketAnalyzer/main.py:127: FutureWarning:

Styler.applymap has been deprecated. Use Styler.map instead.

2026-02-03 13:37:28.176 Please replace `use_container_width` with `width`.

`use_container_width` will be removed after 2025-12-31.

For `use_container_width=True`, use `width='stretch'`. For `use_container_width=False`, use `width='content'`.
2026-02-03 13:37:28.186 Uncaught app execution
Traceback (most recent call last):
  File "/Users/himarbravoperez/Desktop/Trabajo/Juego/GlobalMarketAnalyzer/.venv/lib/python3.11/site-packages/streamlit/runtime/scriptrunner/exec_code.py", line 129, in exec_func_with_error_handling
    result = func()
             ^^^^^^
  File "/Users/himarbravoperez/Desktop/Trabajo/Juego/GlobalMarketAnalyzer/.venv/lib/python3.11/site-packages/streamlit/runtime/scriptrunner/script_runner.py", line 671, in code_to_exec
    exec(code, module.__dict__)  # noqa: S102
    ^^^^^^^^^^^^^^^^^^^^^^^^^^^
  File "/Users/himarbravoperez/Desktop/Trabajo/Juego/GlobalMarketAnalyzer/main.py", line 126, in <module>
    st.dataframe(
  File "/Users/himarbravoperez/Desktop/Trabajo/Juego/GlobalMarketAnalyzer/.venv/lib/python3.11/site-packages/streamlit/runtime/metrics_util.py", line 531, in wrapped_func
    result = non_optional_func(*args, **kwargs)
             ^^^^^^^^^^^^^^^^^^^^^^^^^^^^^^^^^^
  File "/Users/himarbravoperez/Desktop/Trabajo/Juego/GlobalMarketAnalyzer/.venv/lib/python3.11/site-packages/streamlit/elements/arrow.py", line 728, in dataframe
    marshall_styler(proto, data, default_uuid)
  File "/Users/himarbravoperez/Desktop/Trabajo/Juego/GlobalMarketAnalyzer/.venv/lib/python3.11/site-packages/streamlit/elements/lib/pandas_styler_utils.py", line 65, in marshall_styler
    styler._compute()  # type: ignore
    ^^^^^^^^^^^^^^^^^
  File "/Users/himarbravoperez/Desktop/Trabajo/Juego/GlobalMarketAnalyzer/.venv/lib/python3.11/site-packages/pandas/io/formats/style_render.py", line 256, in _compute
    r = func(self)(*args, **kwargs)
        ^^^^^^^^^^^^^^^^^^^^^^^^^^^
  File "/Users/himarbravoperez/Desktop/Trabajo/Juego/GlobalMarketAnalyzer/.venv/lib/python3.11/site-packages/pandas/io/formats/style.py", line 1705, in _apply
    data = self.data.loc[subset]
           ~~~~~~~~~~~~~^^^^^^^^
  File "/Users/himarbravoperez/Desktop/Trabajo/Juego/GlobalMarketAnalyzer/.venv/lib/python3.11/site-packages/pandas/core/indexing.py", line 1185, in __getitem__
    return self._getitem_tuple(key)
           ^^^^^^^^^^^^^^^^^^^^^^^^
  File "/Users/himarbravoperez/Desktop/Trabajo/Juego/GlobalMarketAnalyzer/.venv/lib/python3.11/site-packages/pandas/core/indexing.py", line 1378, in _getitem_tuple
    return self._getitem_tuple_same_dim(tup)
           ^^^^^^^^^^^^^^^^^^^^^^^^^^^^^^^^^
  File "/Users/himarbravoperez/Desktop/Trabajo/Juego/GlobalMarketAnalyzer/.venv/lib/python3.11/site-packages/pandas/core/indexing.py", line 1021, in _getitem_tuple_same_dim
    retval = getattr(retval, self.name)._getitem_axis(key, axis=i)
             ^^^^^^^^^^^^^^^^^^^^^^^^^^^^^^^^^^^^^^^^^^^^^^^^^^^^^
  File "/Users/himarbravoperez/Desktop/Trabajo/Juego/GlobalMarketAnalyzer/.venv/lib/python3.11/site-packages/pandas/core/indexing.py", line 1421, in _getitem_axis
    return self._getitem_iterable(key, axis=axis)
           ^^^^^^^^^^^^^^^^^^^^^^^^^^^^^^^^^^^^^^
  File "/Users/himarbravoperez/Desktop/Trabajo/Juego/GlobalMarketAnalyzer/.venv/lib/python3.11/site-packages/pandas/core/indexing.py", line 1361, in _getitem_iterable
    keyarr, indexer = self._get_listlike_indexer(key, axis)
                      ^^^^^^^^^^^^^^^^^^^^^^^^^^^^^^^^^^^^^
  File "/Users/himarbravoperez/Desktop/Trabajo/Juego/GlobalMarketAnalyzer/.venv/lib/python3.11/site-packages/pandas/core/indexing.py", line 1559, in _get_listlike_indexer
    keyarr, indexer = ax._get_indexer_strict(key, axis_name)
                      ^^^^^^^^^^^^^^^^^^^^^^^^^^^^^^^^^^^^^^
  File "/Users/himarbravoperez/Desktop/Trabajo/Juego/GlobalMarketAnalyzer/.venv/lib/python3.11/site-packages/pandas/core/indexes/base.py", line 6212, in _get_indexer_strict
    self._raise_if_missing(keyarr, indexer, axis_name)
  File "/Users/himarbravoperez/Desktop/Trabajo/Juego/GlobalMarketAnalyzer/.venv/lib/python3.11/site-packages/pandas/core/indexes/base.py", line 6261, in _raise_if_missing
    raise KeyError(f"None of [{key}] are in the [{axis_name}]")
KeyError: "None of [Index(['Tech_Score'], dtype='object')] are in the [columns]"
/Users/himarbravoperez/Desktop/Trabajo/Juego/GlobalMarketAnalyzer/main.py:127: FutureWarning:

Styler.applymap has been deprecated. Use Styler.map instead.

2026-02-03 13:38:45.949 Please replace `use_container_width` with `width`.

`use_container_width` will be removed after 2025-12-31.

For `use_container_width=True`, use `width='stretch'`. For `use_container_width=False`, use `width='content'`.
2026-02-03 13:38:45.955 Uncaught app execution
Traceback (most recent call last):
  File "/Users/himarbravoperez/Desktop/Trabajo/Juego/GlobalMarketAnalyzer/.venv/lib/python3.11/site-packages/streamlit/runtime/scriptrunner/exec_code.py", line 129, in exec_func_with_error_handling
    result = func()
             ^^^^^^
  File "/Users/himarbravoperez/Desktop/Trabajo/Juego/GlobalMarketAnalyzer/.venv/lib/python3.11/site-packages/streamlit/runtime/scriptrunner/script_runner.py", line 671, in code_to_exec
    exec(code, module.__dict__)  # noqa: S102
    ^^^^^^^^^^^^^^^^^^^^^^^^^^^
  File "/Users/himarbravoperez/Desktop/Trabajo/Juego/GlobalMarketAnalyzer/main.py", line 126, in <module>
    st.dataframe(
  File "/Users/himarbravoperez/Desktop/Trabajo/Juego/GlobalMarketAnalyzer/.venv/lib/python3.11/site-packages/streamlit/runtime/metrics_util.py", line 531, in wrapped_func
    result = non_optional_func(*args, **kwargs)
             ^^^^^^^^^^^^^^^^^^^^^^^^^^^^^^^^^^
  File "/Users/himarbravoperez/Desktop/Trabajo/Juego/GlobalMarketAnalyzer/.venv/lib/python3.11/site-packages/streamlit/elements/arrow.py", line 728, in dataframe
    marshall_styler(proto, data, default_uuid)
  File "/Users/himarbravoperez/Desktop/Trabajo/Juego/GlobalMarketAnalyzer/.venv/lib/python3.11/site-packages/streamlit/elements/lib/pandas_styler_utils.py", line 65, in marshall_styler
    styler._compute()  # type: ignore
    ^^^^^^^^^^^^^^^^^
  File "/Users/himarbravoperez/Desktop/Trabajo/Juego/GlobalMarketAnalyzer/.venv/lib/python3.11/site-packages/pandas/io/formats/style_render.py", line 256, in _compute
    r = func(self)(*args, **kwargs)
        ^^^^^^^^^^^^^^^^^^^^^^^^^^^
  File "/Users/himarbravoperez/Desktop/Trabajo/Juego/GlobalMarketAnalyzer/.venv/lib/python3.11/site-packages/pandas/io/formats/style.py", line 1705, in _apply
    data = self.data.loc[subset]
           ~~~~~~~~~~~~~^^^^^^^^
  File "/Users/himarbravoperez/Desktop/Trabajo/Juego/GlobalMarketAnalyzer/.venv/lib/python3.11/site-packages/pandas/core/indexing.py", line 1185, in __getitem__
    return self._getitem_tuple(key)
           ^^^^^^^^^^^^^^^^^^^^^^^^
  File "/Users/himarbravoperez/Desktop/Trabajo/Juego/GlobalMarketAnalyzer/.venv/lib/python3.11/site-packages/pandas/core/indexing.py", line 1378, in _getitem_tuple
    return self._getitem_tuple_same_dim(tup)
           ^^^^^^^^^^^^^^^^^^^^^^^^^^^^^^^^^
  File "/Users/himarbravoperez/Desktop/Trabajo/Juego/GlobalMarketAnalyzer/.venv/lib/python3.11/site-packages/pandas/core/indexing.py", line 1021, in _getitem_tuple_same_dim
    retval = getattr(retval, self.name)._getitem_axis(key, axis=i)
             ^^^^^^^^^^^^^^^^^^^^^^^^^^^^^^^^^^^^^^^^^^^^^^^^^^^^^
  File "/Users/himarbravoperez/Desktop/Trabajo/Juego/GlobalMarketAnalyzer/.venv/lib/python3.11/site-packages/pandas/core/indexing.py", line 1421, in _getitem_axis
    return self._getitem_iterable(key, axis=axis)
           ^^^^^^^^^^^^^^^^^^^^^^^^^^^^^^^^^^^^^^
  File "/Users/himarbravoperez/Desktop/Trabajo/Juego/GlobalMarketAnalyzer/.venv/lib/python3.11/site-packages/pandas/core/indexing.py", line 1361, in _getitem_iterable
    keyarr, indexer = self._get_listlike_indexer(key, axis)
                      ^^^^^^^^^^^^^^^^^^^^^^^^^^^^^^^^^^^^^
  File "/Users/himarbravoperez/Desktop/Trabajo/Juego/GlobalMarketAnalyzer/.venv/lib/python3.11/site-packages/pandas/core/indexing.py", line 1559, in _get_listlike_indexer
    keyarr, indexer = ax._get_indexer_strict(key, axis_name)
                      ^^^^^^^^^^^^^^^^^^^^^^^^^^^^^^^^^^^^^^
  File "/Users/himarbravoperez/Desktop/Trabajo/Juego/GlobalMarketAnalyzer/.venv/lib/python3.11/site-packages/pandas/core/indexes/base.py", line 6212, in _get_indexer_strict
    self._raise_if_missing(keyarr, indexer, axis_name)
  File "/Users/himarbravoperez/Desktop/Trabajo/Juego/GlobalMarketAnalyzer/.venv/lib/python3.11/site-packages/pandas/core/indexes/base.py", line 6261, in _raise_if_missing
    raise KeyError(f"None of [{key}] are in the [{axis_name}]")
KeyError: "None of [Index(['Tech_Score'], dtype='object')] are in the [columns]"
/Users/himarbravoperez/Desktop/Trabajo/Juego/GlobalMarketAnalyzer/main.py:127: FutureWarning:

Styler.applymap has been deprecated. Use Styler.map instead.

2026-02-03 13:41:48.088 Please replace `use_container_width` with `width`.

`use_container_width` will be removed after 2025-12-31.

For `use_container_width=True`, use `width='stretch'`. For `use_container_width=False`, use `width='content'`.
2026-02-03 13:41:48.093 Uncaught app execution
Traceback (most recent call last):
  File "/Users/himarbravoperez/Desktop/Trabajo/Juego/GlobalMarketAnalyzer/.venv/lib/python3.11/site-packages/streamlit/runtime/scriptrunner/exec_code.py", line 129, in exec_func_with_error_handling
    result = func()
             ^^^^^^
  File "/Users/himarbravoperez/Desktop/Trabajo/Juego/GlobalMarketAnalyzer/.venv/lib/python3.11/site-packages/streamlit/runtime/scriptrunner/script_runner.py", line 671, in code_to_exec
    exec(code, module.__dict__)  # noqa: S102
    ^^^^^^^^^^^^^^^^^^^^^^^^^^^
  File "/Users/himarbravoperez/Desktop/Trabajo/Juego/GlobalMarketAnalyzer/main.py", line 126, in <module>
    st.dataframe(
  File "/Users/himarbravoperez/Desktop/Trabajo/Juego/GlobalMarketAnalyzer/.venv/lib/python3.11/site-packages/streamlit/runtime/metrics_util.py", line 531, in wrapped_func
    result = non_optional_func(*args, **kwargs)
             ^^^^^^^^^^^^^^^^^^^^^^^^^^^^^^^^^^
  File "/Users/himarbravoperez/Desktop/Trabajo/Juego/GlobalMarketAnalyzer/.venv/lib/python3.11/site-packages/streamlit/elements/arrow.py", line 728, in dataframe
    marshall_styler(proto, data, default_uuid)
  File "/Users/himarbravoperez/Desktop/Trabajo/Juego/GlobalMarketAnalyzer/.venv/lib/python3.11/site-packages/streamlit/elements/lib/pandas_styler_utils.py", line 65, in marshall_styler
    styler._compute()  # type: ignore
    ^^^^^^^^^^^^^^^^^
  File "/Users/himarbravoperez/Desktop/Trabajo/Juego/GlobalMarketAnalyzer/.venv/lib/python3.11/site-packages/pandas/io/formats/style_render.py", line 256, in _compute
    r = func(self)(*args, **kwargs)
        ^^^^^^^^^^^^^^^^^^^^^^^^^^^
  File "/Users/himarbravoperez/Desktop/Trabajo/Juego/GlobalMarketAnalyzer/.venv/lib/python3.11/site-packages/pandas/io/formats/style.py", line 1705, in _apply
    data = self.data.loc[subset]
           ~~~~~~~~~~~~~^^^^^^^^
  File "/Users/himarbravoperez/Desktop/Trabajo/Juego/GlobalMarketAnalyzer/.venv/lib/python3.11/site-packages/pandas/core/indexing.py", line 1185, in __getitem__
    return self._getitem_tuple(key)
           ^^^^^^^^^^^^^^^^^^^^^^^^
  File "/Users/himarbravoperez/Desktop/Trabajo/Juego/GlobalMarketAnalyzer/.venv/lib/python3.11/site-packages/pandas/core/indexing.py", line 1378, in _getitem_tuple
    return self._getitem_tuple_same_dim(tup)
           ^^^^^^^^^^^^^^^^^^^^^^^^^^^^^^^^^
  File "/Users/himarbravoperez/Desktop/Trabajo/Juego/GlobalMarketAnalyzer/.venv/lib/python3.11/site-packages/pandas/core/indexing.py", line 1021, in _getitem_tuple_same_dim
    retval = getattr(retval, self.name)._getitem_axis(key, axis=i)
             ^^^^^^^^^^^^^^^^^^^^^^^^^^^^^^^^^^^^^^^^^^^^^^^^^^^^^
  File "/Users/himarbravoperez/Desktop/Trabajo/Juego/GlobalMarketAnalyzer/.venv/lib/python3.11/site-packages/pandas/core/indexing.py", line 1421, in _getitem_axis
    return self._getitem_iterable(key, axis=axis)
           ^^^^^^^^^^^^^^^^^^^^^^^^^^^^^^^^^^^^^^
  File "/Users/himarbravoperez/Desktop/Trabajo/Juego/GlobalMarketAnalyzer/.venv/lib/python3.11/site-packages/pandas/core/indexing.py", line 1361, in _getitem_iterable
    keyarr, indexer = self._get_listlike_indexer(key, axis)
                      ^^^^^^^^^^^^^^^^^^^^^^^^^^^^^^^^^^^^^
  File "/Users/himarbravoperez/Desktop/Trabajo/Juego/GlobalMarketAnalyzer/.venv/lib/python3.11/site-packages/pandas/core/indexing.py", line 1559, in _get_listlike_indexer
    keyarr, indexer = ax._get_indexer_strict(key, axis_name)
                      ^^^^^^^^^^^^^^^^^^^^^^^^^^^^^^^^^^^^^^
  File "/Users/himarbravoperez/Desktop/Trabajo/Juego/GlobalMarketAnalyzer/.venv/lib/python3.11/site-packages/pandas/core/indexes/base.py", line 6212, in _get_indexer_strict
    self._raise_if_missing(keyarr, indexer, axis_name)
  File "/Users/himarbravoperez/Desktop/Trabajo/Juego/GlobalMarketAnalyzer/.venv/lib/python3.11/site-packages/pandas/core/indexes/base.py", line 6261, in _raise_if_missing
    raise KeyError(f"None of [{key}] are in the [{axis_name}]")
KeyError: "None of [Index(['Tech_Score'], dtype='object')] are in the [columns]"
/Users/himarbravoperez/Desktop/Trabajo/Juego/GlobalMarketAnalyzer/main.py:127: FutureWarning:

Styler.applymap has been deprecated. Use Styler.map instead.

2026-02-03 13:41:55.253 Please replace `use_container_width` with `width`.

`use_container_width` will be removed after 2025-12-31.

For `use_container_width=True`, use `width='stretch'`. For `use_container_width=False`, use `width='content'`.
2026-02-03 13:41:55.254 Uncaught app execution
Traceback (most recent call last):
  File "/Users/himarbravoperez/Desktop/Trabajo/Juego/GlobalMarketAnalyzer/.venv/lib/python3.11/site-packages/streamlit/runtime/scriptrunner/exec_code.py", line 129, in exec_func_with_error_handling
    result = func()
             ^^^^^^
  File "/Users/himarbravoperez/Desktop/Trabajo/Juego/GlobalMarketAnalyzer/.venv/lib/python3.11/site-packages/streamlit/runtime/scriptrunner/script_runner.py", line 671, in code_to_exec
    exec(code, module.__dict__)  # noqa: S102
    ^^^^^^^^^^^^^^^^^^^^^^^^^^^
  File "/Users/himarbravoperez/Desktop/Trabajo/Juego/GlobalMarketAnalyzer/main.py", line 126, in <module>
    st.dataframe(
  File "/Users/himarbravoperez/Desktop/Trabajo/Juego/GlobalMarketAnalyzer/.venv/lib/python3.11/site-packages/streamlit/runtime/metrics_util.py", line 531, in wrapped_func
    result = non_optional_func(*args, **kwargs)
             ^^^^^^^^^^^^^^^^^^^^^^^^^^^^^^^^^^
  File "/Users/himarbravoperez/Desktop/Trabajo/Juego/GlobalMarketAnalyzer/.venv/lib/python3.11/site-packages/streamlit/elements/arrow.py", line 728, in dataframe
    marshall_styler(proto, data, default_uuid)
  File "/Users/himarbravoperez/Desktop/Trabajo/Juego/GlobalMarketAnalyzer/.venv/lib/python3.11/site-packages/streamlit/elements/lib/pandas_styler_utils.py", line 65, in marshall_styler
    styler._compute()  # type: ignore
    ^^^^^^^^^^^^^^^^^
  File "/Users/himarbravoperez/Desktop/Trabajo/Juego/GlobalMarketAnalyzer/.venv/lib/python3.11/site-packages/pandas/io/formats/style_render.py", line 256, in _compute
    r = func(self)(*args, **kwargs)
        ^^^^^^^^^^^^^^^^^^^^^^^^^^^
  File "/Users/himarbravoperez/Desktop/Trabajo/Juego/GlobalMarketAnalyzer/.venv/lib/python3.11/site-packages/pandas/io/formats/style.py", line 1705, in _apply
    data = self.data.loc[subset]
           ~~~~~~~~~~~~~^^^^^^^^
  File "/Users/himarbravoperez/Desktop/Trabajo/Juego/GlobalMarketAnalyzer/.venv/lib/python3.11/site-packages/pandas/core/indexing.py", line 1185, in __getitem__
    return self._getitem_tuple(key)
           ^^^^^^^^^^^^^^^^^^^^^^^^
  File "/Users/himarbravoperez/Desktop/Trabajo/Juego/GlobalMarketAnalyzer/.venv/lib/python3.11/site-packages/pandas/core/indexing.py", line 1378, in _getitem_tuple
    return self._getitem_tuple_same_dim(tup)
           ^^^^^^^^^^^^^^^^^^^^^^^^^^^^^^^^^
  File "/Users/himarbravoperez/Desktop/Trabajo/Juego/GlobalMarketAnalyzer/.venv/lib/python3.11/site-packages/pandas/core/indexing.py", line 1021, in _getitem_tuple_same_dim
    retval = getattr(retval, self.name)._getitem_axis(key, axis=i)
             ^^^^^^^^^^^^^^^^^^^^^^^^^^^^^^^^^^^^^^^^^^^^^^^^^^^^^
  File "/Users/himarbravoperez/Desktop/Trabajo/Juego/GlobalMarketAnalyzer/.venv/lib/python3.11/site-packages/pandas/core/indexing.py", line 1421, in _getitem_axis
    return self._getitem_iterable(key, axis=axis)
           ^^^^^^^^^^^^^^^^^^^^^^^^^^^^^^^^^^^^^^
  File "/Users/himarbravoperez/Desktop/Trabajo/Juego/GlobalMarketAnalyzer/.venv/lib/python3.11/site-packages/pandas/core/indexing.py", line 1361, in _getitem_iterable
    keyarr, indexer = self._get_listlike_indexer(key, axis)
                      ^^^^^^^^^^^^^^^^^^^^^^^^^^^^^^^^^^^^^
  File "/Users/himarbravoperez/Desktop/Trabajo/Juego/GlobalMarketAnalyzer/.venv/lib/python3.11/site-packages/pandas/core/indexing.py", line 1559, in _get_listlike_indexer
    keyarr, indexer = ax._get_indexer_strict(key, axis_name)
                      ^^^^^^^^^^^^^^^^^^^^^^^^^^^^^^^^^^^^^^
  File "/Users/himarbravoperez/Desktop/Trabajo/Juego/GlobalMarketAnalyzer/.venv/lib/python3.11/site-packages/pandas/core/indexes/base.py", line 6212, in _get_indexer_strict
    self._raise_if_missing(keyarr, indexer, axis_name)
  File "/Users/himarbravoperez/Desktop/Trabajo/Juego/GlobalMarketAnalyzer/.venv/lib/python3.11/site-packages/pandas/core/indexes/base.py", line 6261, in _raise_if_missing
    raise KeyError(f"None of [{key}] are in the [{axis_name}]")
KeyError: "None of [Index(['Tech_Score'], dtype='object')] are in the [columns]"
